<?xml version="1.0" encoding="UTF-8"?>
<testng-results skipped="0" failed="0" total="1" passed="1">
  <reporter-output>
  </reporter-output>
  <suite name="Surefire suite" duration-ms="22865" started-at="2018-10-07T21:40:52Z" finished-at="2018-10-07T21:41:15Z">
    <groups>
    </groups>
    <test name="Surefire test" duration-ms="22865" started-at="2018-10-07T21:40:52Z" finished-at="2018-10-07T21:41:15Z">
      <class name="com.rutu.yash.NewTest">
        <test-method status="PASS" signature="beforeMethod()[pri:0, instance:com.rutu.yash.NewTest@679b62af]" name="beforeMethod" is-config="true" duration-ms="15670" started-at="2018-10-07T17:40:52Z" finished-at="2018-10-07T17:41:08Z">
          <reporter-output>
          </reporter-output>
        </test-method> <!-- beforeMethod -->
        <test-method status="PASS" signature="SelectClass()[pri:0, instance:com.rutu.yash.NewTest@679b62af]" name="SelectClass" duration-ms="7151" started-at="2018-10-07T17:41:08Z" finished-at="2018-10-07T17:41:15Z">
          <reporter-output>
          </reporter-output>
        </test-method> <!-- SelectClass -->
        <test-method status="PASS" signature="afterMethod()[pri:0, instance:com.rutu.yash.NewTest@679b62af]" name="afterMethod" is-config="true" duration-ms="8" started-at="2018-10-07T17:41:15Z" finished-at="2018-10-07T17:41:15Z">
          <reporter-output>
          </reporter-output>
        </test-method> <!-- afterMethod -->
      </class> <!-- com.rutu.yash.NewTest -->
    </test> <!-- Surefire test -->
  </suite> <!-- Surefire suite -->
</testng-results>
